<?xml version="1.0" encoding="UTF-8"?>
<!-- Generated by org.testng.reporters.JUnitReportReporter -->
<testsuite hostname="DESKTOP-K7AUCDP" failures="0" tests="1" name="com.about_demoqa_selenium.WidgetsTabs" time="6.580" errors="0" timestamp="2023-09-05T15:17:23 IST" skipped="0">
  <testcase classname="com.about_demoqa_selenium.WidgetsTabs" name="widgetsAccordian" time="6.580"/>
  <system-out/>
</testsuite> <!-- com.about_demoqa_selenium.WidgetsTabs -->
