<?xml version="1.0" encoding="UTF-8"?>
<!-- Generated by org.testng.reporters.JUnitReportReporter -->
<testsuite hostname="DESKTOP-K7AUCDP" failures="0" tests="1" name="com.about_demoqa_selenium.AlertsFrameWindows_Alerts" time="9.710" errors="0" timestamp="2023-09-05T13:16:09 IST" skipped="0">
  <testcase classname="com.about_demoqa_selenium.AlertsFrameWindows_Alerts" name="alerts" time="9.710"/>
  <system-out/>
</testsuite> <!-- com.about_demoqa_selenium.AlertsFrameWindows_Alerts -->
