<?xml version="1.0" encoding="UTF-8"?>
<!-- Generated by org.testng.reporters.JUnitReportReporter -->
<testsuite hostname="DESKTOP-K7AUCDP" failures="0" tests="1" name="com.about_demoqa_selenium.ElementsWebTable" time="7.446" errors="0" timestamp="2023-09-05T14:57:32 IST" skipped="0">
  <testcase classname="com.about_demoqa_selenium.ElementsWebTable" name="webTableData" time="7.446"/>
  <system-out/>
</testsuite> <!-- com.about_demoqa_selenium.ElementsWebTable -->
