<?xml version="1.0" encoding="UTF-8"?>
<!-- Generated by org.testng.reporters.JUnitReportReporter -->
<testsuite hostname="DESKTOP-K7AUCDP" failures="0" tests="1" name="com.about_demoqa_selenium.AlertsFrameAndWindows_BrowserWindows" time="5.398" errors="0" timestamp="2023-09-05T13:13:58 IST" skipped="0">
  <testcase classname="com.about_demoqa_selenium.AlertsFrameAndWindows_BrowserWindows" name="browserWindowsOption" time="5.398"/>
  <system-out/>
</testsuite> <!-- com.about_demoqa_selenium.AlertsFrameAndWindows_BrowserWindows -->
