<?xml version="1.0" encoding="UTF-8"?>
<!-- Generated by org.testng.reporters.JUnitReportReporter -->
<testsuite hostname="DESKTOP-K7AUCDP" failures="0" tests="1" name="com.about_demoqa_selenium.ElementsTextBox" time="6.142" errors="0" timestamp="2023-09-05T14:51:17 IST" skipped="0">
  <testcase classname="com.about_demoqa_selenium.ElementsTextBox" name="testLogin" time="6.142"/>
  <system-out/>
</testsuite> <!-- com.about_demoqa_selenium.ElementsTextBox -->
