<?xml version="1.0" encoding="UTF-8"?>
<!-- Generated by org.testng.reporters.JUnitReportReporter -->
<testsuite hostname="DESKTOP-K7AUCDP" failures="0" tests="1" name="com.about_demoqa_selenium.WidgetsAccordian" time="5.378" errors="0" timestamp="2023-09-05T15:06:58 IST" skipped="0">
  <testcase classname="com.about_demoqa_selenium.WidgetsAccordian" name="widgetsAccordian" time="5.378"/>
  <system-out/>
</testsuite> <!-- com.about_demoqa_selenium.WidgetsAccordian -->
